2009-05-26 01:49:06,613: oembed.utils DEBUG ANON - Request http://oembed.illiusrock.com/oembed/?url=http%3A//www.youtube.com/watch%3Fv%3Dc0O49E_stBo&maxwidth=480&format=json
2009-05-26 01:49:06,939: oembed.utils DEBUG ANON - Response {
    "version": "1.0",
    "type": "video",
    "provider_name": "YouTube",
    "width": 480,
    "height": 388,
    "html": "<object width='480' height='388'><param name='movie' value='http://www.youtube.com/v/c0O49E_stBo&hl=en&fs=1'></param><param name='allowFullScreen' value='true'></param><embed src='http://www.youtube.com/v/c0O49E_stBo&hl=en&fs=1' type='application/x-shockwave-flash' allowfullscreen='true' width='480' height='388'></embed></object>"
}


2009-05-26 02:10:41,792: twitter.templatetags.twittertags DEBUG ANON - Posting tweet search params lang=en&q=%40prettyandnice&rpp=25
2009-05-26 03:48:59,914: twitter.templatetags.twittertags DEBUG ANON - Posting tweet search params lang=en&q=%40aloudonline&rpp=25
2009-05-26 06:05:56,795: oembed.utils DEBUG ANON - Request http://www.vimeo.com/api/oembed.json?url=http%3A//vimeo.com/3103083&maxwidth=480&format=json
2009-05-26 06:05:56,991: oembed.utils DEBUG ANON - Response {"type":"video","version":"1.0","provider_name":"Vimeo","provider_url":"http:\/\/vimeo.com\/","title":"You Can Be A Wesley - Creatures","author_name":"Nick Zegel","author_url":"http:\/\/vimeo.com\/zeegisbreathing","is_plus":"0","html":"<object type=\"application\/x-shockwave-flash\" width=\"480\" height=\"362\" data=\"http:\/\/vimeo.com\/moogaloop.swf?clip_id=3103083&amp;server=vimeo.com&amp;fullscreen=1&amp;show_title=1&amp;show_byline=1&amp;show_portrait=1&amp;color=00ADEF\">\n\t<param name=\"quality\" value=\"best\" \/>\n\t<param name=\"allowfullscreen\" value=\"true\" \/>\n\t<param name=\"scale\" value=\"showAll\" \/>\n\t<param name=\"movie\" value=\"http:\/\/vimeo.com\/moogaloop.swf?clip_id=3103083&amp;server=vimeo.com&amp;fullscreen=1&amp;show_title=1&amp;show_byline=1&amp;show_portrait=1&amp;color=00ADEF\" \/>\n<\/object>","width":"480","height":"362","duration":"308","thumbnail_url":"http:\/\/images.vimeo.com\/27\/86\/25\/278625944\/278625944_160.jpg","thumbnail_width":"160","thumbnail_height":"120","clip_id":"3103083"}
2009-05-26 07:41:06,738: oembed.utils DEBUG ANON - Request http://oembed.illiusrock.com/oembed/?url=http%3A//www.youtube.com/watch%3Fv%3DqAgpPoewrVc&maxwidth=480&format=json
2009-05-26 07:41:06,937: oembed.utils DEBUG ANON - Response {
    "version": "1.0",
    "type": "video",
    "provider_name": "YouTube",
    "width": 480,
    "height": 388,
    "html": "<object width='480' height='388'><param name='movie' value='http://www.youtube.com/v/qAgpPoewrVc&hl=en&fs=1'></param><param name='allowFullScreen' value='true'></param><embed src='http://www.youtube.com/v/qAgpPoewrVc&hl=en&fs=1' type='application/x-shockwave-flash' allowfullscreen='true' width='480' height='388'></embed></object>"
}


2009-05-26 09:15:28,209: oembed.utils DEBUG ANON - Request http://oembed.illiusrock.com/oembed/?url=http%3A//www.youtube.com/watch%3Fv%3DkHhjFyZrwD0%26feature%3Dplayer_embedded&maxwidth=480&format=json
2009-05-26 09:15:29,151: oembed.utils DEBUG ANON - Response {
    "version": "1.0",
    "type": "video",
    "provider_name": "YouTube",
    "width": 480,
    "height": 388,
    "html": "<object width='480' height='388'><param name='movie' value='http://www.youtube.com/v/kHhjFyZrwD0&hl=en&fs=1'></param><param name='allowFullScreen' value='true'></param><embed src='http://www.youtube.com/v/kHhjFyZrwD0&hl=en&fs=1' type='application/x-shockwave-flash' allowfullscreen='true' width='480' height='388'></embed></object>"
}


2009-05-26 09:15:29,245: twitter.templatetags.twittertags DEBUG ANON - Posting tweet search params lang=en&q=%40newcollisions&rpp=25
2009-05-26 09:15:50,348: oembed.utils DEBUG ANON - Request http://www.vimeo.com/api/oembed.json?url=http%3A//vimeo.com/3103083&maxwidth=480&format=json
2009-05-26 09:15:50,556: oembed.utils DEBUG ANON - Response {"type":"video","version":"1.0","provider_name":"Vimeo","provider_url":"http:\/\/vimeo.com\/","title":"You Can Be A Wesley - Creatures","author_name":"Nick Zegel","author_url":"http:\/\/vimeo.com\/zeegisbreathing","is_plus":"0","html":"<object type=\"application\/x-shockwave-flash\" width=\"480\" height=\"362\" data=\"http:\/\/vimeo.com\/moogaloop.swf?clip_id=3103083&amp;server=vimeo.com&amp;fullscreen=1&amp;show_title=1&amp;show_byline=1&amp;show_portrait=1&amp;color=00ADEF\">\n\t<param name=\"quality\" value=\"best\" \/>\n\t<param name=\"allowfullscreen\" value=\"true\" \/>\n\t<param name=\"scale\" value=\"showAll\" \/>\n\t<param name=\"movie\" value=\"http:\/\/vimeo.com\/moogaloop.swf?clip_id=3103083&amp;server=vimeo.com&amp;fullscreen=1&amp;show_title=1&amp;show_byline=1&amp;show_portrait=1&amp;color=00ADEF\" \/>\n<\/object>","width":"480","height":"362","duration":"308","thumbnail_url":"http:\/\/images.vimeo.com\/27\/86\/25\/278625944\/278625944_160.jpg","thumbnail_width":"160","thumbnail_height":"120","clip_id":"3103083"}
2009-05-26 09:16:06,532: oembed.utils DEBUG ANON - Request http://oembed.illiusrock.com/oembed/?url=http%3A//www.youtube.com/watch%3Fv%3DjaXNRpOfHkw&maxwidth=480&format=json
2009-05-26 09:16:06,550: oembed.utils DEBUG ANON - Response {
    "version": "1.0",
    "type": "video",
    "provider_name": "YouTube",
    "width": 480,
    "height": 388,
    "html": "<object width='480' height='388'><param name='movie' value='http://www.youtube.com/v/jaXNRpOfHkw&hl=en&fs=1'></param><param name='allowFullScreen' value='true'></param><embed src='http://www.youtube.com/v/jaXNRpOfHkw&hl=en&fs=1' type='application/x-shockwave-flash' allowfullscreen='true' width='480' height='388'></embed></object>"
}


2009-05-26 10:24:43,915: oembed.utils DEBUG ANON - Request http://www.vimeo.com/api/oembed.json?url=http%3A//vimeo.com/3103083&maxwidth=480&format=json
2009-05-26 10:24:44,118: oembed.utils DEBUG ANON - Response {"type":"video","version":"1.0","provider_name":"Vimeo","provider_url":"http:\/\/vimeo.com\/","title":"You Can Be A Wesley - Creatures","author_name":"Nick Zegel","author_url":"http:\/\/vimeo.com\/zeegisbreathing","is_plus":"0","html":"<object type=\"application\/x-shockwave-flash\" width=\"480\" height=\"362\" data=\"http:\/\/vimeo.com\/moogaloop.swf?clip_id=3103083&amp;server=vimeo.com&amp;fullscreen=1&amp;show_title=1&amp;show_byline=1&amp;show_portrait=1&amp;color=00ADEF\">\n\t<param name=\"quality\" value=\"best\" \/>\n\t<param name=\"allowfullscreen\" value=\"true\" \/>\n\t<param name=\"scale\" value=\"showAll\" \/>\n\t<param name=\"movie\" value=\"http:\/\/vimeo.com\/moogaloop.swf?clip_id=3103083&amp;server=vimeo.com&amp;fullscreen=1&amp;show_title=1&amp;show_byline=1&amp;show_portrait=1&amp;color=00ADEF\" \/>\n<\/object>","width":"480","height":"362","duration":"308","thumbnail_url":"http:\/\/images.vimeo.com\/27\/86\/25\/278625944\/278625944_160.jpg","thumbnail_width":"160","thumbnail_height":"120","clip_id":"3103083"}
2009-05-26 10:34:41,709: campaign.views DEBUG ANON - Google Checkout IPN Headers: {'HTTP_AUTHORIZATION': 'Basic ODAzOTY2NjE1MjAzNDkxOnhCSmRqZG5JakdxUkxubGZheDZJSFE=', 'wsgi.multiprocess': False, 'CONTENT_TYPE': 'application/x-www-form-urlencoded', 'HTTP_X_FORWARDED_PROTO': 'https', 'wsgi.multithread': True, 'SERVER_SOFTWARE': 'CherryPy/3.1.1 WSGI Server', 'SCRIPT_NAME': u'', 'ACTUAL_SERVER_PROTOCOL': 'HTTP/1.1', 'wsgi.input': <wsgiserver.SizeCheckWrapper object at 0x8df680c>, 'REQUEST_METHOD': 'POST', 'HTTP_HOST': 'illiusrock.com', 'PATH_INFO': u'/campaign/google-notification/', 'SERVER_PROTOCOL': 'HTTP/1.0', 'QUERY_STRING': '', 'wsgi.version': (1, 0), 'HTTP_X_REAL_IP': '74.125.126.136', 'CONTENT_LENGTH': '1759', 'HTTP_USER_AGENT': 'Google Checkout Notification Agent 1.0', 'HTTP_CONNECTION': 'close', 'SERVER_NAME': 'beta.illiusrock.com', 'REMOTE_ADDR': '74.125.126.136', 'wsgi.run_once': False, 'wsgi.errors': <open file '<stderr>', mode 'w' at 0x80700b0>, 'REMOTE_PORT': '52279', 'HTTP_X_FORWARDED_HOST': 'illiusrock.com', 'wsgi.url_scheme': 'http', 'HTTP_X_FORWARDED_FOR': '74.125.126.136', 'SERVER_PORT': '8000'}
2009-05-26 10:34:41,710: campaign.views DEBUG ANON - Google Checkout IPN data: <QueryDict: {u'buyer-billing-address.region': [u'NY'], u'buyer-shipping-address.company-name': [u''], u'buyer-billing-address.company-name': [u''], u'buyer-shipping-address.fax': [u''], u'shopping-cart.items.item-1.quantity': [u'5'], u'buyer-shipping-address.phone': [u''], u'shopping-cart.items': [u'shopping-cart.items.item-1'], u'serial-number': [u'466345432082631-00001-7\r\n'], u'buyer-shipping-address.postal-code': [u'11570'], u'buyer-billing-address.city': [u'Rockville Centre'], u'google-order-number': [u'466345432082631'], u'order-adjustment.total-tax.currency': [u'USD'], u'buyer-billing-address.contact-name': [u'Lawrence B Oakner'], u'buyer-billing-address.email': [u'larryoakner@aol.com'], u'order-total': [u'50.0'], u'shopping-cart.items.item-1.item-name': [u'You Can Be A Wesley: Pre-Order Pre-Party!'], u'buyer-billing-address.fax': [u''], u'order-adjustment.adjustment-total': [u'0.0'], u'buyer-shipping-address.contact-name': [u'Lawrence B Oakner'], u'financial-order-state': [u'REVIEWING'], u'buyer-shipping-address.city': [u'Rockville Centre'], u'buyer-id': [u'132820792235584'], u'shopping-cart.items.item-1.unit-price.currency': [u'USD'], u'buyer-billing-address.country-code': [u'US'], u'_type': [u'new-order-notification'], u'buyer-shipping-address.address1': [u'49 Fonda Road'], u'buyer-shipping-address.address2': [u''], u'timestamp': [u'2009-05-26T14:34:02.420Z'], u'order-adjustment.total-tax': [u'0.0'], u'order-adjustment.adjustment-total.currency': [u'USD'], u'buyer-billing-address.phone': [u''], u'buyer-billing-address.postal-code': [u'11570'], u'shopping-cart.items.item-1.merchant-item-id': [u'27'], u'buyer-billing-address.address1': [u'49 Fonda Road'], u'buyer-billing-address.address2': [u''], u'buyer-marketing-preferences.email-allowed': [u'true'], u'buyer-shipping-address.country-code': [u'US'], u'shopping-cart.items.item-1.unit-price': [u'10.0'], u'buyer-shipping-address.email': [u'larryoakner@aol.com'], u'order-total.currency': [u'USD'], u'fulfillment-order-state': [u'NEW'], u'shopping-cart.items.item-1.item-description': [u'Illius Rock campaign: You Can Be A Wesley: Pre-Order Pre-Party!'], u'buyer-shipping-address.region': [u'NY']}>
2009-05-26 10:34:42,014: campaign.views ERROR ANON - Traceback (most recent call last):
  File "./django-apps/campaign/views.py", line 676, in google_notification
  File "/home/illiusrock/site-packages/django-svn/django/utils/datastructures.py", line 203, in __getitem__
    raise MultiValueDictKeyError, "Key %r not found in %r" % (key, self)
MultiValueDictKeyError: "Key u'shopping-cart.merchant-private-data' not found in <QueryDict: {u'buyer-billing-address.region': [u'NY'], u'buyer-shipping-address.company-name': [u''], u'buyer-billing-address.company-name': [u''], u'buyer-shipping-address.fax': [u''], u'shopping-cart.items.item-1.quantity': [u'5'], u'buyer-shipping-address.phone': [u''], u'shopping-cart.items': [u'shopping-cart.items.item-1'], u'serial-number': [u'466345432082631-00001-7\\r\\n'], u'buyer-shipping-address.postal-code': [u'11570'], u'buyer-billing-address.city': [u'Rockville Centre'], u'google-order-number': [u'466345432082631'], u'order-adjustment.total-tax.currency': [u'USD'], u'buyer-billing-address.contact-name': [u'Lawrence B Oakner'], u'buyer-billing-address.email': [u'larryoakner@aol.com'], u'order-total': [u'50.0'], u'shopping-cart.items.item-1.item-name': [u'You Can Be A Wesley: Pre-Order Pre-Party!'], u'buyer-billing-address.fax': [u''], u'order-adjustment.adjustment-total': [u'0.0'], u'buyer-shipping-address.contact-name': [u'Lawrence B Oakner'], u'financial-order-state': [u'REVIEWING'], u'buyer-shipping-address.city': [u'Rockville Centre'], u'buyer-id': [u'132820792235584'], u'shopping-cart.items.item-1.unit-price.currency': [u'USD'], u'buyer-billing-address.country-code': [u'US'], u'_type': [u'new-order-notification'], u'buyer-shipping-address.address1': [u'49 Fonda Road'], u'buyer-shipping-address.address2': [u''], u'timestamp': [u'2009-05-26T14:34:02.420Z'], u'order-adjustment.total-tax': [u'0.0'], u'order-adjustment.adjustment-total.currency': [u'USD'], u'buyer-billing-address.phone': [u''], u'buyer-billing-address.postal-code': [u'11570'], u'shopping-cart.items.item-1.merchant-item-id': [u'27'], u'buyer-billing-address.address1': [u'49 Fonda Road'], u'buyer-billing-address.address2': [u''], u'buyer-marketing-preferences.email-allowed': [u'true'], u'buyer-shipping-address.country-code': [u'US'], u'shopping-cart.items.item-1.unit-price': [u'10.0'], u'buyer-shipping-address.email': [u'larryoakner@aol.com'], u'order-total.currency': [u'USD'], u'fulfillment-order-state': [u'NEW'], u'shopping-cart.items.item-1.item-description': [u'Illius Rock campaign: You Can Be A Wesley: Pre-Order Pre-Party!'], u'buyer-shipping-address.region': [u'NY']}>"
Traceback (most recent call last):
  File "./django-apps/campaign/views.py", line 676, in google_notification
  File "/home/illiusrock/site-packages/django-svn/django/utils/datastructures.py", line 203, in __getitem__
    raise MultiValueDictKeyError, "Key %r not found in %r" % (key, self)
MultiValueDictKeyError: "Key u'shopping-cart.merchant-private-data' not found in <QueryDict: {u'buyer-billing-address.region': [u'NY'], u'buyer-shipping-address.company-name': [u''], u'buyer-billing-address.company-name': [u''], u'buyer-shipping-address.fax': [u''], u'shopping-cart.items.item-1.quantity': [u'5'], u'buyer-shipping-address.phone': [u''], u'shopping-cart.items': [u'shopping-cart.items.item-1'], u'serial-number': [u'466345432082631-00001-7\\r\\n'], u'buyer-shipping-address.postal-code': [u'11570'], u'buyer-billing-address.city': [u'Rockville Centre'], u'google-order-number': [u'466345432082631'], u'order-adjustment.total-tax.currency': [u'USD'], u'buyer-billing-address.contact-name': [u'Lawrence B Oakner'], u'buyer-billing-address.email': [u'larryoakner@aol.com'], u'order-total': [u'50.0'], u'shopping-cart.items.item-1.item-name': [u'You Can Be A Wesley: Pre-Order Pre-Party!'], u'buyer-billing-address.fax': [u''], u'order-adjustment.adjustment-total': [u'0.0'], u'buyer-shipping-address.contact-name': [u'Lawrence B Oakner'], u'financial-order-state': [u'REVIEWING'], u'buyer-shipping-address.city': [u'Rockville Centre'], u'buyer-id': [u'132820792235584'], u'shopping-cart.items.item-1.unit-price.currency': [u'USD'], u'buyer-billing-address.country-code': [u'US'], u'_type': [u'new-order-notification'], u'buyer-shipping-address.address1': [u'49 Fonda Road'], u'buyer-shipping-address.address2': [u''], u'timestamp': [u'2009-05-26T14:34:02.420Z'], u'order-adjustment.total-tax': [u'0.0'], u'order-adjustment.adjustment-total.currency': [u'USD'], u'buyer-billing-address.phone': [u''], u'buyer-billing-address.postal-code': [u'11570'], u'shopping-cart.items.item-1.merchant-item-id': [u'27'], u'buyer-billing-address.address1': [u'49 Fonda Road'], u'buyer-billing-address.address2': [u''], u'buyer-marketing-preferences.email-allowed': [u'true'], u'buyer-shipping-address.country-code': [u'US'], u'shopping-cart.items.item-1.unit-price': [u'10.0'], u'buyer-shipping-address.email': [u'larryoakner@aol.com'], u'order-total.currency': [u'USD'], u'fulfillment-order-state': [u'NEW'], u'shopping-cart.items.item-1.item-description': [u'Illius Rock campaign: You Can Be A Wesley: Pre-Order Pre-Party!'], u'buyer-shipping-address.region': [u'NY']}>"
2009-05-26 10:37:05,472: campaign.views DEBUG ANON - Google Checkout IPN Headers: {'HTTP_AUTHORIZATION': 'Basic ODAzOTY2NjE1MjAzNDkxOnhCSmRqZG5JakdxUkxubGZheDZJSFE=', 'wsgi.multiprocess': False, 'CONTENT_TYPE': 'application/x-www-form-urlencoded', 'HTTP_X_FORWARDED_PROTO': 'https', 'wsgi.multithread': True, 'SERVER_SOFTWARE': 'CherryPy/3.1.1 WSGI Server', 'SCRIPT_NAME': u'', 'ACTUAL_SERVER_PROTOCOL': 'HTTP/1.1', 'wsgi.input': <wsgiserver.SizeCheckWrapper object at 0x8d9488c>, 'REQUEST_METHOD': 'POST', 'HTTP_HOST': 'illiusrock.com', 'PATH_INFO': u'/campaign/google-notification/', 'SERVER_PROTOCOL': 'HTTP/1.0', 'QUERY_STRING': '', 'wsgi.version': (1, 0), 'HTTP_X_REAL_IP': '74.125.126.136', 'CONTENT_LENGTH': '1759', 'HTTP_USER_AGENT': 'Google Checkout Notification Agent 1.0', 'HTTP_CONNECTION': 'close', 'SERVER_NAME': 'beta.illiusrock.com', 'REMOTE_ADDR': '74.125.126.136', 'wsgi.run_once': False, 'wsgi.errors': <open file '<stderr>', mode 'w' at 0x80700b0>, 'REMOTE_PORT': '45295', 'HTTP_X_FORWARDED_HOST': 'illiusrock.com', 'wsgi.url_scheme': 'http', 'HTTP_X_FORWARDED_FOR': '74.125.126.136', 'SERVER_PORT': '8000'}
2009-05-26 10:37:05,473: campaign.views DEBUG ANON - Google Checkout IPN data: <QueryDict: {u'buyer-billing-address.region': [u'NY'], u'buyer-shipping-address.company-name': [u''], u'buyer-billing-address.company-name': [u''], u'buyer-shipping-address.fax': [u''], u'shopping-cart.items.item-1.quantity': [u'5'], u'buyer-shipping-address.phone': [u''], u'shopping-cart.items': [u'shopping-cart.items.item-1'], u'serial-number': [u'466345432082631-00001-7\r\n'], u'buyer-shipping-address.postal-code': [u'11570'], u'buyer-billing-address.city': [u'Rockville Centre'], u'google-order-number': [u'466345432082631'], u'order-adjustment.total-tax.currency': [u'USD'], u'buyer-billing-address.contact-name': [u'Lawrence B Oakner'], u'buyer-billing-address.email': [u'larryoakner@aol.com'], u'order-total': [u'50.0'], u'shopping-cart.items.item-1.item-name': [u'You Can Be A Wesley: Pre-Order Pre-Party!'], u'buyer-billing-address.fax': [u''], u'order-adjustment.adjustment-total': [u'0.0'], u'buyer-shipping-address.contact-name': [u'Lawrence B Oakner'], u'financial-order-state': [u'REVIEWING'], u'buyer-shipping-address.city': [u'Rockville Centre'], u'buyer-id': [u'132820792235584'], u'shopping-cart.items.item-1.unit-price.currency': [u'USD'], u'buyer-billing-address.country-code': [u'US'], u'_type': [u'new-order-notification'], u'buyer-shipping-address.address1': [u'49 Fonda Road'], u'buyer-shipping-address.address2': [u''], u'timestamp': [u'2009-05-26T14:34:02.420Z'], u'order-adjustment.total-tax': [u'0.0'], u'order-adjustment.adjustment-total.currency': [u'USD'], u'buyer-billing-address.phone': [u''], u'buyer-billing-address.postal-code': [u'11570'], u'shopping-cart.items.item-1.merchant-item-id': [u'27'], u'buyer-billing-address.address1': [u'49 Fonda Road'], u'buyer-billing-address.address2': [u''], u'buyer-marketing-preferences.email-allowed': [u'true'], u'buyer-shipping-address.country-code': [u'US'], u'shopping-cart.items.item-1.unit-price': [u'10.0'], u'buyer-shipping-address.email': [u'larryoakner@aol.com'], u'order-total.currency': [u'USD'], u'fulfillment-order-state': [u'NEW'], u'shopping-cart.items.item-1.item-description': [u'Illius Rock campaign: You Can Be A Wesley: Pre-Order Pre-Party!'], u'buyer-shipping-address.region': [u'NY']}>
2009-05-26 10:37:05,926: campaign.views ERROR ANON - Traceback (most recent call last):
  File "./django-apps/campaign/views.py", line 676, in google_notification
  File "/home/illiusrock/site-packages/django-svn/django/utils/datastructures.py", line 203, in __getitem__
    raise MultiValueDictKeyError, "Key %r not found in %r" % (key, self)
MultiValueDictKeyError: "Key u'shopping-cart.merchant-private-data' not found in <QueryDict: {u'buyer-billing-address.region': [u'NY'], u'buyer-shipping-address.company-name': [u''], u'buyer-billing-address.company-name': [u''], u'buyer-shipping-address.fax': [u''], u'shopping-cart.items.item-1.quantity': [u'5'], u'buyer-shipping-address.phone': [u''], u'shopping-cart.items': [u'shopping-cart.items.item-1'], u'serial-number': [u'466345432082631-00001-7\\r\\n'], u'buyer-shipping-address.postal-code': [u'11570'], u'buyer-billing-address.city': [u'Rockville Centre'], u'google-order-number': [u'466345432082631'], u'order-adjustment.total-tax.currency': [u'USD'], u'buyer-billing-address.contact-name': [u'Lawrence B Oakner'], u'buyer-billing-address.email': [u'larryoakner@aol.com'], u'order-total': [u'50.0'], u'shopping-cart.items.item-1.item-name': [u'You Can Be A Wesley: Pre-Order Pre-Party!'], u'buyer-billing-address.fax': [u''], u'order-adjustment.adjustment-total': [u'0.0'], u'buyer-shipping-address.contact-name': [u'Lawrence B Oakner'], u'financial-order-state': [u'REVIEWING'], u'buyer-shipping-address.city': [u'Rockville Centre'], u'buyer-id': [u'132820792235584'], u'shopping-cart.items.item-1.unit-price.currency': [u'USD'], u'buyer-billing-address.country-code': [u'US'], u'_type': [u'new-order-notification'], u'buyer-shipping-address.address1': [u'49 Fonda Road'], u'buyer-shipping-address.address2': [u''], u'timestamp': [u'2009-05-26T14:34:02.420Z'], u'order-adjustment.total-tax': [u'0.0'], u'order-adjustment.adjustment-total.currency': [u'USD'], u'buyer-billing-address.phone': [u''], u'buyer-billing-address.postal-code': [u'11570'], u'shopping-cart.items.item-1.merchant-item-id': [u'27'], u'buyer-billing-address.address1': [u'49 Fonda Road'], u'buyer-billing-address.address2': [u''], u'buyer-marketing-preferences.email-allowed': [u'true'], u'buyer-shipping-address.country-code': [u'US'], u'shopping-cart.items.item-1.unit-price': [u'10.0'], u'buyer-shipping-address.email': [u'larryoakner@aol.com'], u'order-total.currency': [u'USD'], u'fulfillment-order-state': [u'NEW'], u'shopping-cart.items.item-1.item-description': [u'Illius Rock campaign: You Can Be A Wesley: Pre-Order Pre-Party!'], u'buyer-shipping-address.region': [u'NY']}>"
Traceback (most recent call last):
  File "./django-apps/campaign/views.py", line 676, in google_notification
  File "/home/illiusrock/site-packages/django-svn/django/utils/datastructures.py", line 203, in __getitem__
    raise MultiValueDictKeyError, "Key %r not found in %r" % (key, self)
MultiValueDictKeyError: "Key u'shopping-cart.merchant-private-data' not found in <QueryDict: {u'buyer-billing-address.region': [u'NY'], u'buyer-shipping-address.company-name': [u''], u'buyer-billing-address.company-name': [u''], u'buyer-shipping-address.fax': [u''], u'shopping-cart.items.item-1.quantity': [u'5'], u'buyer-shipping-address.phone': [u''], u'shopping-cart.items': [u'shopping-cart.items.item-1'], u'serial-number': [u'466345432082631-00001-7\\r\\n'], u'buyer-shipping-address.postal-code': [u'11570'], u'buyer-billing-address.city': [u'Rockville Centre'], u'google-order-number': [u'466345432082631'], u'order-adjustment.total-tax.currency': [u'USD'], u'buyer-billing-address.contact-name': [u'Lawrence B Oakner'], u'buyer-billing-address.email': [u'larryoakner@aol.com'], u'order-total': [u'50.0'], u'shopping-cart.items.item-1.item-name': [u'You Can Be A Wesley: Pre-Order Pre-Party!'], u'buyer-billing-address.fax': [u''], u'order-adjustment.adjustment-total': [u'0.0'], u'buyer-shipping-address.contact-name': [u'Lawrence B Oakner'], u'financial-order-state': [u'REVIEWING'], u'buyer-shipping-address.city': [u'Rockville Centre'], u'buyer-id': [u'132820792235584'], u'shopping-cart.items.item-1.unit-price.currency': [u'USD'], u'buyer-billing-address.country-code': [u'US'], u'_type': [u'new-order-notification'], u'buyer-shipping-address.address1': [u'49 Fonda Road'], u'buyer-shipping-address.address2': [u''], u'timestamp': [u'2009-05-26T14:34:02.420Z'], u'order-adjustment.total-tax': [u'0.0'], u'order-adjustment.adjustment-total.currency': [u'USD'], u'buyer-billing-address.phone': [u''], u'buyer-billing-address.postal-code': [u'11570'], u'shopping-cart.items.item-1.merchant-item-id': [u'27'], u'buyer-billing-address.address1': [u'49 Fonda Road'], u'buyer-billing-address.address2': [u''], u'buyer-marketing-preferences.email-allowed': [u'true'], u'buyer-shipping-address.country-code': [u'US'], u'shopping-cart.items.item-1.unit-price': [u'10.0'], u'buyer-shipping-address.email': [u'larryoakner@aol.com'], u'order-total.currency': [u'USD'], u'fulfillment-order-state': [u'NEW'], u'shopping-cart.items.item-1.item-description': [u'Illius Rock campaign: You Can Be A Wesley: Pre-Order Pre-Party!'], u'buyer-shipping-address.region': [u'NY']}>"
2009-05-26 10:45:31,349: campaign.views DEBUG ANON - Google Checkout IPN Headers: {'HTTP_AUTHORIZATION': 'Basic ODAzOTY2NjE1MjAzNDkxOnhCSmRqZG5JakdxUkxubGZheDZJSFE=', 'wsgi.multiprocess': False, 'CONTENT_TYPE': 'application/x-www-form-urlencoded', 'HTTP_X_FORWARDED_PROTO': 'https', 'wsgi.multithread': True, 'SERVER_SOFTWARE': 'CherryPy/3.1.1 WSGI Server', 'SCRIPT_NAME': u'', 'ACTUAL_SERVER_PROTOCOL': 'HTTP/1.1', 'wsgi.input': <wsgiserver.SizeCheckWrapper object at 0x8c82b4c>, 'REQUEST_METHOD': 'POST', 'HTTP_HOST': 'illiusrock.com', 'PATH_INFO': u'/campaign/google-notification/', 'SERVER_PROTOCOL': 'HTTP/1.0', 'QUERY_STRING': '', 'wsgi.version': (1, 0), 'HTTP_X_REAL_IP': '74.125.126.136', 'CONTENT_LENGTH': '1759', 'HTTP_USER_AGENT': 'Google Checkout Notification Agent 1.0', 'HTTP_CONNECTION': 'close', 'SERVER_NAME': 'beta.illiusrock.com', 'REMOTE_ADDR': '74.125.126.136', 'wsgi.run_once': False, 'wsgi.errors': <open file '<stderr>', mode 'w' at 0x80700b0>, 'REMOTE_PORT': '42153', 'HTTP_X_FORWARDED_HOST': 'illiusrock.com', 'wsgi.url_scheme': 'http', 'HTTP_X_FORWARDED_FOR': '74.125.126.136', 'SERVER_PORT': '8000'}
2009-05-26 10:45:31,349: campaign.views DEBUG ANON - Google Checkout IPN data: <QueryDict: {u'buyer-billing-address.region': [u'NY'], u'buyer-shipping-address.company-name': [u''], u'buyer-billing-address.company-name': [u''], u'buyer-shipping-address.fax': [u''], u'shopping-cart.items.item-1.quantity': [u'5'], u'buyer-shipping-address.phone': [u''], u'shopping-cart.items': [u'shopping-cart.items.item-1'], u'serial-number': [u'466345432082631-00001-7\r\n'], u'buyer-shipping-address.postal-code': [u'11570'], u'buyer-billing-address.city': [u'Rockville Centre'], u'google-order-number': [u'466345432082631'], u'order-adjustment.total-tax.currency': [u'USD'], u'buyer-billing-address.contact-name': [u'Lawrence B Oakner'], u'buyer-billing-address.email': [u'larryoakner@aol.com'], u'order-total': [u'50.0'], u'shopping-cart.items.item-1.item-name': [u'You Can Be A Wesley: Pre-Order Pre-Party!'], u'buyer-billing-address.fax': [u''], u'order-adjustment.adjustment-total': [u'0.0'], u'buyer-shipping-address.contact-name': [u'Lawrence B Oakner'], u'financial-order-state': [u'REVIEWING'], u'buyer-shipping-address.city': [u'Rockville Centre'], u'buyer-id': [u'132820792235584'], u'shopping-cart.items.item-1.unit-price.currency': [u'USD'], u'buyer-billing-address.country-code': [u'US'], u'_type': [u'new-order-notification'], u'buyer-shipping-address.address1': [u'49 Fonda Road'], u'buyer-shipping-address.address2': [u''], u'timestamp': [u'2009-05-26T14:34:02.420Z'], u'order-adjustment.total-tax': [u'0.0'], u'order-adjustment.adjustment-total.currency': [u'USD'], u'buyer-billing-address.phone': [u''], u'buyer-billing-address.postal-code': [u'11570'], u'shopping-cart.items.item-1.merchant-item-id': [u'27'], u'buyer-billing-address.address1': [u'49 Fonda Road'], u'buyer-billing-address.address2': [u''], u'buyer-marketing-preferences.email-allowed': [u'true'], u'buyer-shipping-address.country-code': [u'US'], u'shopping-cart.items.item-1.unit-price': [u'10.0'], u'buyer-shipping-address.email': [u'larryoakner@aol.com'], u'order-total.currency': [u'USD'], u'fulfillment-order-state': [u'NEW'], u'shopping-cart.items.item-1.item-description': [u'Illius Rock campaign: You Can Be A Wesley: Pre-Order Pre-Party!'], u'buyer-shipping-address.region': [u'NY']}>
2009-05-26 10:45:31,933: campaign.views ERROR ANON - Traceback (most recent call last):
  File "./django-apps/campaign/views.py", line 676, in google_notification
  File "/home/illiusrock/site-packages/django-svn/django/utils/datastructures.py", line 203, in __getitem__
    raise MultiValueDictKeyError, "Key %r not found in %r" % (key, self)
MultiValueDictKeyError: "Key u'shopping-cart.merchant-private-data' not found in <QueryDict: {u'buyer-billing-address.region': [u'NY'], u'buyer-shipping-address.company-name': [u''], u'buyer-billing-address.company-name': [u''], u'buyer-shipping-address.fax': [u''], u'shopping-cart.items.item-1.quantity': [u'5'], u'buyer-shipping-address.phone': [u''], u'shopping-cart.items': [u'shopping-cart.items.item-1'], u'serial-number': [u'466345432082631-00001-7\\r\\n'], u'buyer-shipping-address.postal-code': [u'11570'], u'buyer-billing-address.city': [u'Rockville Centre'], u'google-order-number': [u'466345432082631'], u'order-adjustment.total-tax.currency': [u'USD'], u'buyer-billing-address.contact-name': [u'Lawrence B Oakner'], u'buyer-billing-address.email': [u'larryoakner@aol.com'], u'order-total': [u'50.0'], u'shopping-cart.items.item-1.item-name': [u'You Can Be A Wesley: Pre-Order Pre-Party!'], u'buyer-billing-address.fax': [u''], u'order-adjustment.adjustment-total': [u'0.0'], u'buyer-shipping-address.contact-name': [u'Lawrence B Oakner'], u'financial-order-state': [u'REVIEWING'], u'buyer-shipping-address.city': [u'Rockville Centre'], u'buyer-id': [u'132820792235584'], u'shopping-cart.items.item-1.unit-price.currency': [u'USD'], u'buyer-billing-address.country-code': [u'US'], u'_type': [u'new-order-notification'], u'buyer-shipping-address.address1': [u'49 Fonda Road'], u'buyer-shipping-address.address2': [u''], u'timestamp': [u'2009-05-26T14:34:02.420Z'], u'order-adjustment.total-tax': [u'0.0'], u'order-adjustment.adjustment-total.currency': [u'USD'], u'buyer-billing-address.phone': [u''], u'buyer-billing-address.postal-code': [u'11570'], u'shopping-cart.items.item-1.merchant-item-id': [u'27'], u'buyer-billing-address.address1': [u'49 Fonda Road'], u'buyer-billing-address.address2': [u''], u'buyer-marketing-preferences.email-allowed': [u'true'], u'buyer-shipping-address.country-code': [u'US'], u'shopping-cart.items.item-1.unit-price': [u'10.0'], u'buyer-shipping-address.email': [u'larryoakner@aol.com'], u'order-total.currency': [u'USD'], u'fulfillment-order-state': [u'NEW'], u'shopping-cart.items.item-1.item-description': [u'Illius Rock campaign: You Can Be A Wesley: Pre-Order Pre-Party!'], u'buyer-shipping-address.region': [u'NY']}>"
Traceback (most recent call last):
  File "./django-apps/campaign/views.py", line 676, in google_notification
  File "/home/illiusrock/site-packages/django-svn/django/utils/datastructures.py", line 203, in __getitem__
    raise MultiValueDictKeyError, "Key %r not found in %r" % (key, self)
MultiValueDictKeyError: "Key u'shopping-cart.merchant-private-data' not found in <QueryDict: {u'buyer-billing-address.region': [u'NY'], u'buyer-shipping-address.company-name': [u''], u'buyer-billing-address.company-name': [u''], u'buyer-shipping-address.fax': [u''], u'shopping-cart.items.item-1.quantity': [u'5'], u'buyer-shipping-address.phone': [u''], u'shopping-cart.items': [u'shopping-cart.items.item-1'], u'serial-number': [u'466345432082631-00001-7\\r\\n'], u'buyer-shipping-address.postal-code': [u'11570'], u'buyer-billing-address.city': [u'Rockville Centre'], u'google-order-number': [u'466345432082631'], u'order-adjustment.total-tax.currency': [u'USD'], u'buyer-billing-address.contact-name': [u'Lawrence B Oakner'], u'buyer-billing-address.email': [u'larryoakner@aol.com'], u'order-total': [u'50.0'], u'shopping-cart.items.item-1.item-name': [u'You Can Be A Wesley: Pre-Order Pre-Party!'], u'buyer-billing-address.fax': [u''], u'order-adjustment.adjustment-total': [u'0.0'], u'buyer-shipping-address.contact-name': [u'Lawrence B Oakner'], u'financial-order-state': [u'REVIEWING'], u'buyer-shipping-address.city': [u'Rockville Centre'], u'buyer-id': [u'132820792235584'], u'shopping-cart.items.item-1.unit-price.currency': [u'USD'], u'buyer-billing-address.country-code': [u'US'], u'_type': [u'new-order-notification'], u'buyer-shipping-address.address1': [u'49 Fonda Road'], u'buyer-shipping-address.address2': [u''], u'timestamp': [u'2009-05-26T14:34:02.420Z'], u'order-adjustment.total-tax': [u'0.0'], u'order-adjustment.adjustment-total.currency': [u'USD'], u'buyer-billing-address.phone': [u''], u'buyer-billing-address.postal-code': [u'11570'], u'shopping-cart.items.item-1.merchant-item-id': [u'27'], u'buyer-billing-address.address1': [u'49 Fonda Road'], u'buyer-billing-address.address2': [u''], u'buyer-marketing-preferences.email-allowed': [u'true'], u'buyer-shipping-address.country-code': [u'US'], u'shopping-cart.items.item-1.unit-price': [u'10.0'], u'buyer-shipping-address.email': [u'larryoakner@aol.com'], u'order-total.currency': [u'USD'], u'fulfillment-order-state': [u'NEW'], u'shopping-cart.items.item-1.item-description': [u'Illius Rock campaign: You Can Be A Wesley: Pre-Order Pre-Party!'], u'buyer-shipping-address.region': [u'NY']}>"
2009-05-26 11:05:17,819: oembed.utils DEBUG ANON - Request http://www.vimeo.com/api/oembed.json?url=http%3A//vimeo.com/3346629&maxwidth=480&format=json
2009-05-26 11:05:18,326: oembed.utils DEBUG ANON - Response {"type":"video","version":"1.0","provider_name":"Vimeo","provider_url":"http:\/\/vimeo.com\/","title":"Help GAD Make More Videos!","author_name":"Good Asian Drivers","author_url":"http:\/\/vimeo.com\/goodasiandrivers","is_plus":"0","html":"<object type=\"application\/x-shockwave-flash\" width=\"320\" height=\"240\" data=\"http:\/\/vimeo.com\/moogaloop.swf?clip_id=3346629&amp;server=vimeo.com&amp;fullscreen=1&amp;show_title=1&amp;show_byline=1&amp;show_portrait=1&amp;color=00ADEF\">\n\t<param name=\"quality\" value=\"best\" \/>\n\t<param name=\"allowfullscreen\" value=\"true\" \/>\n\t<param name=\"scale\" value=\"showAll\" \/>\n\t<param name=\"movie\" value=\"http:\/\/vimeo.com\/moogaloop.swf?clip_id=3346629&amp;server=vimeo.com&amp;fullscreen=1&amp;show_title=1&amp;show_byline=1&amp;show_portrait=1&amp;color=00ADEF\" \/>\n<\/object>","width":"320","height":"240","duration":"170","thumbnail_url":"http:\/\/ts.vimeo.com.s3.amazonaws.com\/233\/361\/2333611_160.jpg","thumbnail_width":"160","thumbnail_height":"120","clip_id":"3346629"}
2009-05-26 11:05:19,616: oembed.utils DEBUG ANON - Request http://www.vimeo.com/api/oembed.json?url=http%3A//vimeo.com/4311593&maxwidth=480&format=json
2009-05-26 11:05:20,006: oembed.utils ERROR ANON - Traceback (most recent call last):
  File "./django-apps/oembed/utils.py", line 41, in get_embed_code
  File "/opt/manual/lib/python2.5/urllib2.py", line 124, in urlopen
    return _opener.open(url, data)
  File "/opt/manual/lib/python2.5/urllib2.py", line 387, in open
    response = meth(req, response)
  File "/opt/manual/lib/python2.5/urllib2.py", line 498, in http_response
    'http', request, response, code, msg, hdrs)
  File "/opt/manual/lib/python2.5/urllib2.py", line 425, in error
    return self._call_chain(*args)
  File "/opt/manual/lib/python2.5/urllib2.py", line 360, in _call_chain
    result = func(*args)
  File "/opt/manual/lib/python2.5/urllib2.py", line 506, in http_error_default
    raise HTTPError(req.get_full_url(), code, msg, hdrs, fp)
HTTPError: HTTP Error 404: Not Found
Traceback (most recent call last):
  File "./django-apps/oembed/utils.py", line 41, in get_embed_code
  File "/opt/manual/lib/python2.5/urllib2.py", line 124, in urlopen
    return _opener.open(url, data)
  File "/opt/manual/lib/python2.5/urllib2.py", line 387, in open
    response = meth(req, response)
  File "/opt/manual/lib/python2.5/urllib2.py", line 498, in http_response
    'http', request, response, code, msg, hdrs)
  File "/opt/manual/lib/python2.5/urllib2.py", line 425, in error
    return self._call_chain(*args)
  File "/opt/manual/lib/python2.5/urllib2.py", line 360, in _call_chain
    result = func(*args)
  File "/opt/manual/lib/python2.5/urllib2.py", line 506, in http_error_default
    raise HTTPError(req.get_full_url(), code, msg, hdrs, fp)
HTTPError: HTTP Error 404: Not Found
2009-05-26 11:05:49,382: oembed.utils DEBUG ANON - Request http://oembed.illiusrock.com/oembed/?url=http%3A//www.youtube.com/watch%3Fv%3DqAgpPoewrVc&maxwidth=480&format=json
2009-05-26 11:05:49,405: oembed.utils DEBUG ANON - Response {
    "version": "1.0",
    "type": "video",
    "provider_name": "YouTube",
    "width": 480,
    "height": 388,
    "html": "<object width='480' height='388'><param name='movie' value='http://www.youtube.com/v/qAgpPoewrVc&hl=en&fs=1'></param><param name='allowFullScreen' value='true'></param><embed src='http://www.youtube.com/v/qAgpPoewrVc&hl=en&fs=1' type='application/x-shockwave-flash' allowfullscreen='true' width='480' height='388'></embed></object>"
}


2009-05-26 11:06:01,293: oembed.utils DEBUG ANON - Request http://oembed.illiusrock.com/oembed/?url=http%3A//www.youtube.com/watch%3Fv%3D4LiWT3xSMq0&maxwidth=480&format=json
2009-05-26 11:06:01,311: oembed.utils DEBUG ANON - Response {
    "version": "1.0",
    "type": "video",
    "provider_name": "YouTube",
    "width": 480,
    "height": 388,
    "html": "<object width='480' height='388'><param name='movie' value='http://www.youtube.com/v/4LiWT3xSMq0&hl=en&fs=1'></param><param name='allowFullScreen' value='true'></param><embed src='http://www.youtube.com/v/4LiWT3xSMq0&hl=en&fs=1' type='application/x-shockwave-flash' allowfullscreen='true' width='480' height='388'></embed></object>"
}


2009-05-26 11:06:01,346: twitter.templatetags.twittertags DEBUG ANON - Posting tweet search params lang=en&q=%23freezepop&rpp=25
2009-05-26 11:12:19,116: campaign.views DEBUG ANON - Google Checkout IPN Headers: {'HTTP_AUTHORIZATION': 'Basic ODAzOTY2NjE1MjAzNDkxOnhCSmRqZG5JakdxUkxubGZheDZJSFE=', 'wsgi.multiprocess': False, 'CONTENT_TYPE': 'application/x-www-form-urlencoded', 'HTTP_X_FORWARDED_PROTO': 'https', 'wsgi.multithread': True, 'SERVER_SOFTWARE': 'CherryPy/3.1.1 WSGI Server', 'SCRIPT_NAME': u'', 'ACTUAL_SERVER_PROTOCOL': 'HTTP/1.1', 'wsgi.input': <wsgiserver.SizeCheckWrapper object at 0x8d9d70c>, 'REQUEST_METHOD': 'POST', 'HTTP_HOST': 'illiusrock.com', 'PATH_INFO': u'/campaign/google-notification/', 'SERVER_PROTOCOL': 'HTTP/1.0', 'QUERY_STRING': '', 'wsgi.version': (1, 0), 'HTTP_X_REAL_IP': '74.125.126.136', 'CONTENT_LENGTH': '1759', 'HTTP_USER_AGENT': 'Google Checkout Notification Agent 1.0', 'HTTP_CONNECTION': 'close', 'SERVER_NAME': 'beta.illiusrock.com', 'REMOTE_ADDR': '74.125.126.136', 'wsgi.run_once': False, 'wsgi.errors': <open file '<stderr>', mode 'w' at 0x80700b0>, 'REMOTE_PORT': '44807', 'HTTP_X_FORWARDED_HOST': 'illiusrock.com', 'wsgi.url_scheme': 'http', 'HTTP_X_FORWARDED_FOR': '74.125.126.136', 'SERVER_PORT': '8000'}
2009-05-26 11:12:19,116: campaign.views DEBUG ANON - Google Checkout IPN data: <QueryDict: {u'buyer-billing-address.region': [u'NY'], u'buyer-shipping-address.company-name': [u''], u'buyer-billing-address.company-name': [u''], u'buyer-shipping-address.fax': [u''], u'shopping-cart.items.item-1.quantity': [u'5'], u'buyer-shipping-address.phone': [u''], u'shopping-cart.items': [u'shopping-cart.items.item-1'], u'serial-number': [u'466345432082631-00001-7\r\n'], u'buyer-shipping-address.postal-code': [u'11570'], u'buyer-billing-address.city': [u'Rockville Centre'], u'google-order-number': [u'466345432082631'], u'order-adjustment.total-tax.currency': [u'USD'], u'buyer-billing-address.contact-name': [u'Lawrence B Oakner'], u'buyer-billing-address.email': [u'larryoakner@aol.com'], u'order-total': [u'50.0'], u'shopping-cart.items.item-1.item-name': [u'You Can Be A Wesley: Pre-Order Pre-Party!'], u'buyer-billing-address.fax': [u''], u'order-adjustment.adjustment-total': [u'0.0'], u'buyer-shipping-address.contact-name': [u'Lawrence B Oakner'], u'financial-order-state': [u'REVIEWING'], u'buyer-shipping-address.city': [u'Rockville Centre'], u'buyer-id': [u'132820792235584'], u'shopping-cart.items.item-1.unit-price.currency': [u'USD'], u'buyer-billing-address.country-code': [u'US'], u'_type': [u'new-order-notification'], u'buyer-shipping-address.address1': [u'49 Fonda Road'], u'buyer-shipping-address.address2': [u''], u'timestamp': [u'2009-05-26T14:34:02.420Z'], u'order-adjustment.total-tax': [u'0.0'], u'order-adjustment.adjustment-total.currency': [u'USD'], u'buyer-billing-address.phone': [u''], u'buyer-billing-address.postal-code': [u'11570'], u'shopping-cart.items.item-1.merchant-item-id': [u'27'], u'buyer-billing-address.address1': [u'49 Fonda Road'], u'buyer-billing-address.address2': [u''], u'buyer-marketing-preferences.email-allowed': [u'true'], u'buyer-shipping-address.country-code': [u'US'], u'shopping-cart.items.item-1.unit-price': [u'10.0'], u'buyer-shipping-address.email': [u'larryoakner@aol.com'], u'order-total.currency': [u'USD'], u'fulfillment-order-state': [u'NEW'], u'shopping-cart.items.item-1.item-description': [u'Illius Rock campaign: You Can Be A Wesley: Pre-Order Pre-Party!'], u'buyer-shipping-address.region': [u'NY']}>
2009-05-26 11:12:19,690: campaign.views ERROR ANON - Traceback (most recent call last):
  File "./django-apps/campaign/views.py", line 676, in google_notification
  File "/home/illiusrock/site-packages/django-svn/django/utils/datastructures.py", line 203, in __getitem__
    raise MultiValueDictKeyError, "Key %r not found in %r" % (key, self)
MultiValueDictKeyError: "Key u'shopping-cart.merchant-private-data' not found in <QueryDict: {u'buyer-billing-address.region': [u'NY'], u'buyer-shipping-address.company-name': [u''], u'buyer-billing-address.company-name': [u''], u'buyer-shipping-address.fax': [u''], u'shopping-cart.items.item-1.quantity': [u'5'], u'buyer-shipping-address.phone': [u''], u'shopping-cart.items': [u'shopping-cart.items.item-1'], u'serial-number': [u'466345432082631-00001-7\\r\\n'], u'buyer-shipping-address.postal-code': [u'11570'], u'buyer-billing-address.city': [u'Rockville Centre'], u'google-order-number': [u'466345432082631'], u'order-adjustment.total-tax.currency': [u'USD'], u'buyer-billing-address.contact-name': [u'Lawrence B Oakner'], u'buyer-billing-address.email': [u'larryoakner@aol.com'], u'order-total': [u'50.0'], u'shopping-cart.items.item-1.item-name': [u'You Can Be A Wesley: Pre-Order Pre-Party!'], u'buyer-billing-address.fax': [u''], u'order-adjustment.adjustment-total': [u'0.0'], u'buyer-shipping-address.contact-name': [u'Lawrence B Oakner'], u'financial-order-state': [u'REVIEWING'], u'buyer-shipping-address.city': [u'Rockville Centre'], u'buyer-id': [u'132820792235584'], u'shopping-cart.items.item-1.unit-price.currency': [u'USD'], u'buyer-billing-address.country-code': [u'US'], u'_type': [u'new-order-notification'], u'buyer-shipping-address.address1': [u'49 Fonda Road'], u'buyer-shipping-address.address2': [u''], u'timestamp': [u'2009-05-26T14:34:02.420Z'], u'order-adjustment.total-tax': [u'0.0'], u'order-adjustment.adjustment-total.currency': [u'USD'], u'buyer-billing-address.phone': [u''], u'buyer-billing-address.postal-code': [u'11570'], u'shopping-cart.items.item-1.merchant-item-id': [u'27'], u'buyer-billing-address.address1': [u'49 Fonda Road'], u'buyer-billing-address.address2': [u''], u'buyer-marketing-preferences.email-allowed': [u'true'], u'buyer-shipping-address.country-code': [u'US'], u'shopping-cart.items.item-1.unit-price': [u'10.0'], u'buyer-shipping-address.email': [u'larryoakner@aol.com'], u'order-total.currency': [u'USD'], u'fulfillment-order-state': [u'NEW'], u'shopping-cart.items.item-1.item-description': [u'Illius Rock campaign: You Can Be A Wesley: Pre-Order Pre-Party!'], u'buyer-shipping-address.region': [u'NY']}>"
Traceback (most recent call last):
  File "./django-apps/campaign/views.py", line 676, in google_notification
  File "/home/illiusrock/site-packages/django-svn/django/utils/datastructures.py", line 203, in __getitem__
    raise MultiValueDictKeyError, "Key %r not found in %r" % (key, self)
MultiValueDictKeyError: "Key u'shopping-cart.merchant-private-data' not found in <QueryDict: {u'buyer-billing-address.region': [u'NY'], u'buyer-shipping-address.company-name': [u''], u'buyer-billing-address.company-name': [u''], u'buyer-shipping-address.fax': [u''], u'shopping-cart.items.item-1.quantity': [u'5'], u'buyer-shipping-address.phone': [u''], u'shopping-cart.items': [u'shopping-cart.items.item-1'], u'serial-number': [u'466345432082631-00001-7\\r\\n'], u'buyer-shipping-address.postal-code': [u'11570'], u'buyer-billing-address.city': [u'Rockville Centre'], u'google-order-number': [u'466345432082631'], u'order-adjustment.total-tax.currency': [u'USD'], u'buyer-billing-address.contact-name': [u'Lawrence B Oakner'], u'buyer-billing-address.email': [u'larryoakner@aol.com'], u'order-total': [u'50.0'], u'shopping-cart.items.item-1.item-name': [u'You Can Be A Wesley: Pre-Order Pre-Party!'], u'buyer-billing-address.fax': [u''], u'order-adjustment.adjustment-total': [u'0.0'], u'buyer-shipping-address.contact-name': [u'Lawrence B Oakner'], u'financial-order-state': [u'REVIEWING'], u'buyer-shipping-address.city': [u'Rockville Centre'], u'buyer-id': [u'132820792235584'], u'shopping-cart.items.item-1.unit-price.currency': [u'USD'], u'buyer-billing-address.country-code': [u'US'], u'_type': [u'new-order-notification'], u'buyer-shipping-address.address1': [u'49 Fonda Road'], u'buyer-shipping-address.address2': [u''], u'timestamp': [u'2009-05-26T14:34:02.420Z'], u'order-adjustment.total-tax': [u'0.0'], u'order-adjustment.adjustment-total.currency': [u'USD'], u'buyer-billing-address.phone': [u''], u'buyer-billing-address.postal-code': [u'11570'], u'shopping-cart.items.item-1.merchant-item-id': [u'27'], u'buyer-billing-address.address1': [u'49 Fonda Road'], u'buyer-billing-address.address2': [u''], u'buyer-marketing-preferences.email-allowed': [u'true'], u'buyer-shipping-address.country-code': [u'US'], u'shopping-cart.items.item-1.unit-price': [u'10.0'], u'buyer-shipping-address.email': [u'larryoakner@aol.com'], u'order-total.currency': [u'USD'], u'fulfillment-order-state': [u'NEW'], u'shopping-cart.items.item-1.item-description': [u'Illius Rock campaign: You Can Be A Wesley: Pre-Order Pre-Party!'], u'buyer-shipping-address.region': [u'NY']}>"
2009-05-26 11:41:42,327: oembed.utils DEBUG ANON - Request http://oembed.illiusrock.com/oembed/?url=http%3A//www.youtube.com/watch%3Fv%3DkHhjFyZrwD0%26feature%3Dplayer_embedded&maxwidth=480&format=json
2009-05-26 11:41:42,543: oembed.utils DEBUG ANON - Response {
    "version": "1.0",
    "type": "video",
    "provider_name": "YouTube",
    "width": 480,
    "height": 388,
    "html": "<object width='480' height='388'><param name='movie' value='http://www.youtube.com/v/kHhjFyZrwD0&hl=en&fs=1'></param><param name='allowFullScreen' value='true'></param><embed src='http://www.youtube.com/v/kHhjFyZrwD0&hl=en&fs=1' type='application/x-shockwave-flash' allowfullscreen='true' width='480' height='388'></embed></object>"
}


2009-05-26 11:41:42,595: twitter.templatetags.twittertags DEBUG ANON - Posting tweet search params lang=en&q=%40newcollisions&rpp=25
2009-05-26 12:00:16,613: oembed.utils DEBUG ANON - Request http://www.vimeo.com/api/oembed.json?url=http%3A//vimeo.com/3103083&maxwidth=480&format=json
2009-05-26 12:00:16,818: oembed.utils DEBUG ANON - Response {"type":"video","version":"1.0","provider_name":"Vimeo","provider_url":"http:\/\/vimeo.com\/","title":"You Can Be A Wesley - Creatures","author_name":"Nick Zegel","author_url":"http:\/\/vimeo.com\/zeegisbreathing","is_plus":"0","html":"<object type=\"application\/x-shockwave-flash\" width=\"480\" height=\"362\" data=\"http:\/\/vimeo.com\/moogaloop.swf?clip_id=3103083&amp;server=vimeo.com&amp;fullscreen=1&amp;show_title=1&amp;show_byline=1&amp;show_portrait=1&amp;color=00ADEF\">\n\t<param name=\"quality\" value=\"best\" \/>\n\t<param name=\"allowfullscreen\" value=\"true\" \/>\n\t<param name=\"scale\" value=\"showAll\" \/>\n\t<param name=\"movie\" value=\"http:\/\/vimeo.com\/moogaloop.swf?clip_id=3103083&amp;server=vimeo.com&amp;fullscreen=1&amp;show_title=1&amp;show_byline=1&amp;show_portrait=1&amp;color=00ADEF\" \/>\n<\/object>","width":"480","height":"362","duration":"308","thumbnail_url":"http:\/\/images.vimeo.com\/27\/86\/25\/278625944\/278625944_160.jpg","thumbnail_width":"160","thumbnail_height":"120","clip_id":"3103083"}
2009-05-26 12:00:47,601: oembed.utils DEBUG ANON - Request http://oembed.illiusrock.com/oembed/?url=http%3A//www.youtube.com/watch%3Fv%3DkHhjFyZrwD0%26feature%3Dplayer_embedded&maxwidth=480&format=json
2009-05-26 12:00:47,620: oembed.utils DEBUG ANON - Response {
    "version": "1.0",
    "type": "video",
    "provider_name": "YouTube",
    "width": 480,
    "height": 388,
    "html": "<object width='480' height='388'><param name='movie' value='http://www.youtube.com/v/kHhjFyZrwD0&hl=en&fs=1'></param><param name='allowFullScreen' value='true'></param><embed src='http://www.youtube.com/v/kHhjFyZrwD0&hl=en&fs=1' type='application/x-shockwave-flash' allowfullscreen='true' width='480' height='388'></embed></object>"
}


2009-05-26 12:02:42,832: twitter.templatetags.twittertags DEBUG ANON - Posting tweet search params lang=en&q=%40youcanbeawesley&rpp=25
2009-05-26 12:05:27,161: oembed.utils DEBUG ANON - Request http://www.vimeo.com/api/oembed.json?url=http%3A//vimeo.com/3103083&maxwidth=480&format=json
2009-05-26 12:05:27,372: oembed.utils DEBUG ANON - Response {"type":"video","version":"1.0","provider_name":"Vimeo","provider_url":"http:\/\/vimeo.com\/","title":"You Can Be A Wesley - Creatures","author_name":"Nick Zegel","author_url":"http:\/\/vimeo.com\/zeegisbreathing","is_plus":"0","html":"<object type=\"application\/x-shockwave-flash\" width=\"480\" height=\"362\" data=\"http:\/\/vimeo.com\/moogaloop.swf?clip_id=3103083&amp;server=vimeo.com&amp;fullscreen=1&amp;show_title=1&amp;show_byline=1&amp;show_portrait=1&amp;color=00ADEF\">\n\t<param name=\"quality\" value=\"best\" \/>\n\t<param name=\"allowfullscreen\" value=\"true\" \/>\n\t<param name=\"scale\" value=\"showAll\" \/>\n\t<param name=\"movie\" value=\"http:\/\/vimeo.com\/moogaloop.swf?clip_id=3103083&amp;server=vimeo.com&amp;fullscreen=1&amp;show_title=1&amp;show_byline=1&amp;show_portrait=1&amp;color=00ADEF\" \/>\n<\/object>","width":"480","height":"362","duration":"308","thumbnail_url":"http:\/\/images.vimeo.com\/27\/86\/25\/278625944\/278625944_160.jpg","thumbnail_width":"160","thumbnail_height":"120","clip_id":"3103083"}
2009-05-26 12:53:47,606: campaign.views DEBUG ANON - Google Checkout IPN Headers: {'HTTP_AUTHORIZATION': 'Basic ODAzOTY2NjE1MjAzNDkxOnhCSmRqZG5JakdxUkxubGZheDZJSFE=', 'wsgi.multiprocess': False, 'CONTENT_TYPE': 'application/x-www-form-urlencoded', 'HTTP_X_FORWARDED_PROTO': 'https', 'wsgi.multithread': True, 'SERVER_SOFTWARE': 'CherryPy/3.1.1 WSGI Server', 'SCRIPT_NAME': u'', 'ACTUAL_SERVER_PROTOCOL': 'HTTP/1.1', 'wsgi.input': <wsgiserver.SizeCheckWrapper object at 0x8d1bf6c>, 'REQUEST_METHOD': 'POST', 'HTTP_HOST': 'illiusrock.com', 'PATH_INFO': u'/campaign/google-notification/', 'SERVER_PROTOCOL': 'HTTP/1.0', 'QUERY_STRING': '', 'wsgi.version': (1, 0), 'HTTP_X_REAL_IP': '74.125.126.136', 'CONTENT_LENGTH': '1759', 'HTTP_USER_AGENT': 'Google Checkout Notification Agent 1.0', 'HTTP_CONNECTION': 'close', 'SERVER_NAME': 'beta.illiusrock.com', 'REMOTE_ADDR': '74.125.126.136', 'wsgi.run_once': False, 'wsgi.errors': <open file '<stderr>', mode 'w' at 0x80700b0>, 'REMOTE_PORT': '42927', 'HTTP_X_FORWARDED_HOST': 'illiusrock.com', 'wsgi.url_scheme': 'http', 'HTTP_X_FORWARDED_FOR': '74.125.126.136', 'SERVER_PORT': '8000'}
2009-05-26 12:53:47,607: campaign.views DEBUG ANON - Google Checkout IPN data: <QueryDict: {u'buyer-billing-address.region': [u'NY'], u'buyer-shipping-address.company-name': [u''], u'buyer-billing-address.company-name': [u''], u'buyer-shipping-address.fax': [u''], u'shopping-cart.items.item-1.quantity': [u'5'], u'buyer-shipping-address.phone': [u''], u'shopping-cart.items': [u'shopping-cart.items.item-1'], u'serial-number': [u'466345432082631-00001-7\r\n'], u'buyer-shipping-address.postal-code': [u'11570'], u'buyer-billing-address.city': [u'Rockville Centre'], u'google-order-number': [u'466345432082631'], u'order-adjustment.total-tax.currency': [u'USD'], u'buyer-billing-address.contact-name': [u'Lawrence B Oakner'], u'buyer-billing-address.email': [u'larryoakner@aol.com'], u'order-total': [u'50.0'], u'shopping-cart.items.item-1.item-name': [u'You Can Be A Wesley: Pre-Order Pre-Party!'], u'buyer-billing-address.fax': [u''], u'order-adjustment.adjustment-total': [u'0.0'], u'buyer-shipping-address.contact-name': [u'Lawrence B Oakner'], u'financial-order-state': [u'REVIEWING'], u'buyer-shipping-address.city': [u'Rockville Centre'], u'buyer-id': [u'132820792235584'], u'shopping-cart.items.item-1.unit-price.currency': [u'USD'], u'buyer-billing-address.country-code': [u'US'], u'_type': [u'new-order-notification'], u'buyer-shipping-address.address1': [u'49 Fonda Road'], u'buyer-shipping-address.address2': [u''], u'timestamp': [u'2009-05-26T14:34:02.420Z'], u'order-adjustment.total-tax': [u'0.0'], u'order-adjustment.adjustment-total.currency': [u'USD'], u'buyer-billing-address.phone': [u''], u'buyer-billing-address.postal-code': [u'11570'], u'shopping-cart.items.item-1.merchant-item-id': [u'27'], u'buyer-billing-address.address1': [u'49 Fonda Road'], u'buyer-billing-address.address2': [u''], u'buyer-marketing-preferences.email-allowed': [u'true'], u'buyer-shipping-address.country-code': [u'US'], u'shopping-cart.items.item-1.unit-price': [u'10.0'], u'buyer-shipping-address.email': [u'larryoakner@aol.com'], u'order-total.currency': [u'USD'], u'fulfillment-order-state': [u'NEW'], u'shopping-cart.items.item-1.item-description': [u'Illius Rock campaign: You Can Be A Wesley: Pre-Order Pre-Party!'], u'buyer-shipping-address.region': [u'NY']}>
2009-05-26 12:53:47,919: campaign.views ERROR ANON - Traceback (most recent call last):
  File "./django-apps/campaign/views.py", line 676, in google_notification
  File "/home/illiusrock/site-packages/django-svn/django/utils/datastructures.py", line 203, in __getitem__
    raise MultiValueDictKeyError, "Key %r not found in %r" % (key, self)
MultiValueDictKeyError: "Key u'shopping-cart.merchant-private-data' not found in <QueryDict: {u'buyer-billing-address.region': [u'NY'], u'buyer-shipping-address.company-name': [u''], u'buyer-billing-address.company-name': [u''], u'buyer-shipping-address.fax': [u''], u'shopping-cart.items.item-1.quantity': [u'5'], u'buyer-shipping-address.phone': [u''], u'shopping-cart.items': [u'shopping-cart.items.item-1'], u'serial-number': [u'466345432082631-00001-7\\r\\n'], u'buyer-shipping-address.postal-code': [u'11570'], u'buyer-billing-address.city': [u'Rockville Centre'], u'google-order-number': [u'466345432082631'], u'order-adjustment.total-tax.currency': [u'USD'], u'buyer-billing-address.contact-name': [u'Lawrence B Oakner'], u'buyer-billing-address.email': [u'larryoakner@aol.com'], u'order-total': [u'50.0'], u'shopping-cart.items.item-1.item-name': [u'You Can Be A Wesley: Pre-Order Pre-Party!'], u'buyer-billing-address.fax': [u''], u'order-adjustment.adjustment-total': [u'0.0'], u'buyer-shipping-address.contact-name': [u'Lawrence B Oakner'], u'financial-order-state': [u'REVIEWING'], u'buyer-shipping-address.city': [u'Rockville Centre'], u'buyer-id': [u'132820792235584'], u'shopping-cart.items.item-1.unit-price.currency': [u'USD'], u'buyer-billing-address.country-code': [u'US'], u'_type': [u'new-order-notification'], u'buyer-shipping-address.address1': [u'49 Fonda Road'], u'buyer-shipping-address.address2': [u''], u'timestamp': [u'2009-05-26T14:34:02.420Z'], u'order-adjustment.total-tax': [u'0.0'], u'order-adjustment.adjustment-total.currency': [u'USD'], u'buyer-billing-address.phone': [u''], u'buyer-billing-address.postal-code': [u'11570'], u'shopping-cart.items.item-1.merchant-item-id': [u'27'], u'buyer-billing-address.address1': [u'49 Fonda Road'], u'buyer-billing-address.address2': [u''], u'buyer-marketing-preferences.email-allowed': [u'true'], u'buyer-shipping-address.country-code': [u'US'], u'shopping-cart.items.item-1.unit-price': [u'10.0'], u'buyer-shipping-address.email': [u'larryoakner@aol.com'], u'order-total.currency': [u'USD'], u'fulfillment-order-state': [u'NEW'], u'shopping-cart.items.item-1.item-description': [u'Illius Rock campaign: You Can Be A Wesley: Pre-Order Pre-Party!'], u'buyer-shipping-address.region': [u'NY']}>"
Traceback (most recent call last):
  File "./django-apps/campaign/views.py", line 676, in google_notification
  File "/home/illiusrock/site-packages/django-svn/django/utils/datastructures.py", line 203, in __getitem__
    raise MultiValueDictKeyError, "Key %r not found in %r" % (key, self)
MultiValueDictKeyError: "Key u'shopping-cart.merchant-private-data' not found in <QueryDict: {u'buyer-billing-address.region': [u'NY'], u'buyer-shipping-address.company-name': [u''], u'buyer-billing-address.company-name': [u''], u'buyer-shipping-address.fax': [u''], u'shopping-cart.items.item-1.quantity': [u'5'], u'buyer-shipping-address.phone': [u''], u'shopping-cart.items': [u'shopping-cart.items.item-1'], u'serial-number': [u'466345432082631-00001-7\\r\\n'], u'buyer-shipping-address.postal-code': [u'11570'], u'buyer-billing-address.city': [u'Rockville Centre'], u'google-order-number': [u'466345432082631'], u'order-adjustment.total-tax.currency': [u'USD'], u'buyer-billing-address.contact-name': [u'Lawrence B Oakner'], u'buyer-billing-address.email': [u'larryoakner@aol.com'], u'order-total': [u'50.0'], u'shopping-cart.items.item-1.item-name': [u'You Can Be A Wesley: Pre-Order Pre-Party!'], u'buyer-billing-address.fax': [u''], u'order-adjustment.adjustment-total': [u'0.0'], u'buyer-shipping-address.contact-name': [u'Lawrence B Oakner'], u'financial-order-state': [u'REVIEWING'], u'buyer-shipping-address.city': [u'Rockville Centre'], u'buyer-id': [u'132820792235584'], u'shopping-cart.items.item-1.unit-price.currency': [u'USD'], u'buyer-billing-address.country-code': [u'US'], u'_type': [u'new-order-notification'], u'buyer-shipping-address.address1': [u'49 Fonda Road'], u'buyer-shipping-address.address2': [u''], u'timestamp': [u'2009-05-26T14:34:02.420Z'], u'order-adjustment.total-tax': [u'0.0'], u'order-adjustment.adjustment-total.currency': [u'USD'], u'buyer-billing-address.phone': [u''], u'buyer-billing-address.postal-code': [u'11570'], u'shopping-cart.items.item-1.merchant-item-id': [u'27'], u'buyer-billing-address.address1': [u'49 Fonda Road'], u'buyer-billing-address.address2': [u''], u'buyer-marketing-preferences.email-allowed': [u'true'], u'buyer-shipping-address.country-code': [u'US'], u'shopping-cart.items.item-1.unit-price': [u'10.0'], u'buyer-shipping-address.email': [u'larryoakner@aol.com'], u'order-total.currency': [u'USD'], u'fulfillment-order-state': [u'NEW'], u'shopping-cart.items.item-1.item-description': [u'Illius Rock campaign: You Can Be A Wesley: Pre-Order Pre-Party!'], u'buyer-shipping-address.region': [u'NY']}>"
2009-05-26 13:10:31,301: oembed.utils DEBUG ANON - Request http://oembed.illiusrock.com/oembed/?url=http%3A//www.youtube.com/watch%3Fv%3DkHhjFyZrwD0%26feature%3Dplayer_embedded&maxwidth=480&format=json
2009-05-26 13:10:31,434: oembed.utils DEBUG ANON - Response {
    "version": "1.0",
    "type": "video",
    "provider_name": "YouTube",
    "width": 480,
    "height": 388,
    "html": "<object width='480' height='388'><param name='movie' value='http://www.youtube.com/v/kHhjFyZrwD0&hl=en&fs=1'></param><param name='allowFullScreen' value='true'></param><embed src='http://www.youtube.com/v/kHhjFyZrwD0&hl=en&fs=1' type='application/x-shockwave-flash' allowfullscreen='true' width='480' height='388'></embed></object>"
}


2009-05-26 13:10:31,475: twitter.templatetags.twittertags DEBUG ANON - Posting tweet search params lang=en&q=%40newcollisions&rpp=25
2009-05-26 15:26:05,014: oembed.utils DEBUG ANON - Request http://oembed.illiusrock.com/oembed/?url=http%3A//www.youtube.com/watch%3Fv%3D4LiWT3xSMq0&maxwidth=480&format=json
2009-05-26 15:26:07,370: oembed.utils DEBUG ANON - Response {
    "version": "1.0",
    "type": "video",
    "provider_name": "YouTube",
    "width": 480,
    "height": 388,
    "html": "<object width='480' height='388'><param name='movie' value='http://www.youtube.com/v/4LiWT3xSMq0&hl=en&fs=1'></param><param name='allowFullScreen' value='true'></param><embed src='http://www.youtube.com/v/4LiWT3xSMq0&hl=en&fs=1' type='application/x-shockwave-flash' allowfullscreen='true' width='480' height='388'></embed></object>"
}


2009-05-26 15:26:07,785: twitter.templatetags.twittertags DEBUG ANON - Posting tweet search params lang=en&q=%23freezepop&rpp=25
2009-05-26 15:42:35,095: oembed.utils DEBUG ycbw - Request http://www.vimeo.com/api/oembed.json?url=http%3A//vimeo.com/3103083&maxwidth=480&format=json
2009-05-26 15:42:35,320: oembed.utils DEBUG ycbw - Response {"type":"video","version":"1.0","provider_name":"Vimeo","provider_url":"http:\/\/vimeo.com\/","title":"You Can Be A Wesley - Creatures","author_name":"Nick Zegel","author_url":"http:\/\/vimeo.com\/zeegisbreathing","is_plus":"0","html":"<object type=\"application\/x-shockwave-flash\" width=\"480\" height=\"362\" data=\"http:\/\/vimeo.com\/moogaloop.swf?clip_id=3103083&amp;server=vimeo.com&amp;fullscreen=1&amp;show_title=1&amp;show_byline=1&amp;show_portrait=1&amp;color=00ADEF\">\n\t<param name=\"quality\" value=\"best\" \/>\n\t<param name=\"allowfullscreen\" value=\"true\" \/>\n\t<param name=\"scale\" value=\"showAll\" \/>\n\t<param name=\"movie\" value=\"http:\/\/vimeo.com\/moogaloop.swf?clip_id=3103083&amp;server=vimeo.com&amp;fullscreen=1&amp;show_title=1&amp;show_byline=1&amp;show_portrait=1&amp;color=00ADEF\" \/>\n<\/object>","width":"480","height":"362","duration":"308","thumbnail_url":"http:\/\/images.vimeo.com\/27\/86\/25\/278625944\/278625944_160.jpg","thumbnail_width":"160","thumbnail_height":"120","clip_id":"3103083"}
2009-05-26 15:57:38,113: oembed.utils DEBUG ANON - Request http://www.vimeo.com/api/oembed.json?url=http%3A//vimeo.com/3103083&maxwidth=480&format=json
2009-05-26 15:57:38,357: oembed.utils DEBUG ANON - Response {"type":"video","version":"1.0","provider_name":"Vimeo","provider_url":"http:\/\/vimeo.com\/","title":"You Can Be A Wesley - Creatures","author_name":"Nick Zegel","author_url":"http:\/\/vimeo.com\/zeegisbreathing","is_plus":"0","html":"<object type=\"application\/x-shockwave-flash\" width=\"480\" height=\"362\" data=\"http:\/\/vimeo.com\/moogaloop.swf?clip_id=3103083&amp;server=vimeo.com&amp;fullscreen=1&amp;show_title=1&amp;show_byline=1&amp;show_portrait=1&amp;color=00ADEF\">\n\t<param name=\"quality\" value=\"best\" \/>\n\t<param name=\"allowfullscreen\" value=\"true\" \/>\n\t<param name=\"scale\" value=\"showAll\" \/>\n\t<param name=\"movie\" value=\"http:\/\/vimeo.com\/moogaloop.swf?clip_id=3103083&amp;server=vimeo.com&amp;fullscreen=1&amp;show_title=1&amp;show_byline=1&amp;show_portrait=1&amp;color=00ADEF\" \/>\n<\/object>","width":"480","height":"362","duration":"308","thumbnail_url":"http:\/\/images.vimeo.com\/27\/86\/25\/278625944\/278625944_160.jpg","thumbnail_width":"160","thumbnail_height":"120","clip_id":"3103083"}
2009-05-26 16:06:28,179: oembed.utils DEBUG ANON - Request http://www.vimeo.com/api/oembed.json?url=http%3A//vimeo.com/3103083&maxwidth=480&format=json
2009-05-26 16:06:28,429: oembed.utils DEBUG ANON - Response {"type":"video","version":"1.0","provider_name":"Vimeo","provider_url":"http:\/\/vimeo.com\/","title":"You Can Be A Wesley - Creatures","author_name":"Nick Zegel","author_url":"http:\/\/vimeo.com\/zeegisbreathing","is_plus":"0","html":"<object type=\"application\/x-shockwave-flash\" width=\"480\" height=\"362\" data=\"http:\/\/vimeo.com\/moogaloop.swf?clip_id=3103083&amp;server=vimeo.com&amp;fullscreen=1&amp;show_title=1&amp;show_byline=1&amp;show_portrait=1&amp;color=00ADEF\">\n\t<param name=\"quality\" value=\"best\" \/>\n\t<param name=\"allowfullscreen\" value=\"true\" \/>\n\t<param name=\"scale\" value=\"showAll\" \/>\n\t<param name=\"movie\" value=\"http:\/\/vimeo.com\/moogaloop.swf?clip_id=3103083&amp;server=vimeo.com&amp;fullscreen=1&amp;show_title=1&amp;show_byline=1&amp;show_portrait=1&amp;color=00ADEF\" \/>\n<\/object>","width":"480","height":"362","duration":"308","thumbnail_url":"http:\/\/images.vimeo.com\/27\/86\/25\/278625944\/278625944_160.jpg","thumbnail_width":"160","thumbnail_height":"120","clip_id":"3103083"}
